Using pre-set license
Built from '2021.1/staging' branch; Version is '2021.1.25f1 (b6f2b893ea32) revision 11989688'; Using compiler version '192528614'; Build Type 'Release'
OS: 'Windows 10 Home; OS build 19043.1288; Version 2009; 64bit' Language: 'ru' Physical Memory: 8134 MB
BatchMode: 1, IsHumanControllingUs: 0, StartBugReporterOnCrash: 0, Is64bit: 1, IsPro: 0

COMMAND LINE ARGUMENTS:
E:\UnityHub\Unity Version\2021.1.25f1\Editor\Unity.exe
-adb2
-batchMode
-noUpm
-name
AssetImportWorker7
-projectPath
E:/Unity Hub/Projects/HommyWorkyUnity/My little Roll a ball two
-logFile
Logs/AssetImportWorker7.log
-srvPort
65460
Successfully changed project path to: E:/Unity Hub/Projects/HommyWorkyUnity/My little Roll a ball two
E:/Unity Hub/Projects/HommyWorkyUnity/My little Roll a ball two
Using Asset Import Pipeline V2.
Refreshing native plugins compatible for Editor in 452.62 ms, found 3 plugins.
Preloading 0 native plugins for Editor in 0.00 ms.
Initialize engine version: 2021.1.25f1 (b6f2b893ea32)
[Subsystems] Discovering subsystems at path E:/UnityHub/Unity Version/2021.1.25f1/Editor/Data/Resources/UnitySubsystems
[Subsystems] Discovering subsystems at path E:/Unity Hub/Projects/HommyWorkyUnity/My little Roll a ball two/Assets
GfxDevice: creating device client; threaded=0; jobified=0
Direct3D:
    Version:  Direct3D 11.0 [level 11.0]
    Renderer: NVIDIA GeForce GTX 750 (ID=0x1381)
    Vendor:   NVIDIA
    VRAM:     984 MB
    Driver:   27.21.14.5671
Initialize mono
Mono path[0] = 'E:/UnityHub/Unity Version/2021.1.25f1/Editor/Data/Managed'
Mono path[1] = 'E:/UnityHub/Unity Version/2021.1.25f1/Editor/Data/MonoBleedingEdge/lib/mono/unityjit'
Mono config path = 'E:/UnityHub/Unity Version/2021.1.25f1/Editor/Data/MonoBleedingEdge/etc'
Using monoOptions --debugger-agent=transport=dt_socket,embedding=1,server=y,suspend=n,address=127.0.0.1:56024
Begin MonoManager ReloadAssembly
Registering precompiled unity dll's ...
Register platform support module: E:/UnityHub/Unity Version/2021.1.25f1/Editor/Data/PlaybackEngines/WindowsStandaloneSupport/UnityEditor.WindowsStandalone.Extensions.dll
Registered in 0.001726 seconds.
Native extension for WindowsStandalone target not found
Refreshing native plugins compatible for Editor in 373.12 ms, found 3 plugins.
Preloading 0 native plugins for Editor in 0.00 ms.
Mono: successfully reloaded assembly
- Completed reload, in  4.660 seconds
Domain Reload Profiling:
	ReloadAssembly (4660ms)
		BeginReloadAssembly (217ms)
			ExecutionOrderSort (0ms)
			DisableScriptedObjects (0ms)
			BackupInstance (0ms)
			ReleaseScriptingObjects (0ms)
			CreateAndSetChildDomain (1ms)
		EndReloadAssembly (1926ms)
			LoadAssemblies (208ms)
			RebuildTransferFunctionScriptingTraits (0ms)
			SetupTypeCache (702ms)
			ReleaseScriptCaches (0ms)
			RebuildScriptCaches (101ms)
			SetupLoadedEditorAssemblies (951ms)
				LogAssemblyErrors (0ms)
				InitializePlatformSupportModulesInManaged (22ms)
				SetLoadedEditorAssemblies (1ms)
				RefreshPlugins (373ms)
				BeforeProcessingInitializeOnLoad (3ms)
				ProcessInitializeOnLoadAttributes (447ms)
				ProcessInitializeOnLoadMethodAttributes (100ms)
				AfterProcessingInitializeOnLoad (0ms)
				EditorAssembliesLoaded (0ms)
			ExecutionOrderSort2 (0ms)
			AwakeInstancesAfterBackupRestoration (0ms)
Platform modules already initialized, skipping
Registering precompiled user dll's ...
Registered in 0.014531 seconds.
Begin MonoManager ReloadAssembly
Symbol file LoadedFromMemory doesn't match image E:\Unity Hub\Projects\HommyWorkyUnity\My little Roll a ball two\Library\PackageCache\com.unity.visualscripting@1.6.1\Editor\VisualScripting.Core\Dependencies\YamlDotNet\Unity.VisualScripting.YamlDotNet.dll
Symbol file LoadedFromMemory doesn't match image E:\Unity Hub\Projects\HommyWorkyUnity\My little Roll a ball two\Library\PackageCache\com.unity.visualscripting@1.6.1\Editor\VisualScripting.Core\Dependencies\DotNetZip\Unity.VisualScripting.IonicZip.dll
Native extension for WindowsStandalone target not found
Refreshing native plugins compatible for Editor in 4.29 ms, found 3 plugins.
Preloading 0 native plugins for Editor in 0.00 ms.
Mono: successfully reloaded assembly
- Completed reload, in  4.835 seconds
Domain Reload Profiling:
	ReloadAssembly (4846ms)
		BeginReloadAssembly (1500ms)
			ExecutionOrderSort (0ms)
			DisableScriptedObjects (17ms)
			BackupInstance (0ms)
			ReleaseScriptingObjects (0ms)
			CreateAndSetChildDomain (77ms)
		EndReloadAssembly (3189ms)
			LoadAssemblies (1277ms)
			RebuildTransferFunctionScriptingTraits (0ms)
			SetupTypeCache (1086ms)
			ReleaseScriptCaches (1ms)
			RebuildScriptCaches (102ms)
			SetupLoadedEditorAssemblies (1386ms)
				LogAssemblyErrors (0ms)
				InitializePlatformSupportModulesInManaged (18ms)
				SetLoadedEditorAssemblies (1ms)
				RefreshPlugins (5ms)
				BeforeProcessingInitializeOnLoad (252ms)
				ProcessInitializeOnLoadAttributes (1096ms)
				ProcessInitializeOnLoadMethodAttributes (10ms)
				AfterProcessingInitializeOnLoad (5ms)
				EditorAssembliesLoaded (0ms)
			ExecutionOrderSort2 (0ms)
			AwakeInstancesAfterBackupRestoration (15ms)
Platform modules already initialized, skipping
========================================================================
Worker process is ready to serve import requests
Launched and connected shader compiler UnityShaderCompiler.exe after 0.50 seconds
Refreshing native plugins compatible for Editor in 0.83 ms, found 3 plugins.
Preloading 0 native plugins for Editor in 0.00 ms.
Unloading 2959 Unused Serialized files (Serialized files now loaded: 0)
System memory in use before: 117.9 MB.
System memory in use after: 118.1 MB.

Unloading 20 unused Assets to reduce memory usage. Loaded Objects now: 3420.
Total: 5.573200 ms (FindLiveObjects: 0.340000 ms CreateObjectMapping: 0.185900 ms MarkObjects: 4.734000 ms  DeleteObjects: 0.310800 ms)

AssetImportParameters requested are different than current active one (requested -> active):
  custom:framework-win-MediaFoundation: 216162199b28c13a410421893ffa2e32 -> 
  custom:video-decoder-ogg-theora: a1e56fd34408186e4bbccfd4996cb3dc -> 
  custom:container-muxer-webm: aa71ff27fc2769a1b78a27578f13a17b -> 
  custom:container-demuxer-webm: 4f35f7cbe854078d1ac9338744f61a02 -> 
  custom:container-demuxer-ogg: 62fdf1f143b41e24485cea50d1cbac27 -> 
  custom:video-encoder-webm-vp8: eb34c28f22e8b96e1ab97ce403110664 -> 
  custom:video-decoder-webm-vp8: 9c59270c3fd7afecdb556c50c9e8de78 -> 
  custom:audio-decoder-ogg-vorbis: bf7c407c2cedff20999df2af8eb42d56 -> 
  custom:audio-encoder-webm-vorbis: bf7c407c2cedff20999df2af8eb42d56 -> 
========================================================================
Received Import Request.
  path: Assets/Editor/Logger.cs
  artifactKey: Guid(547dc3a20e6d9e14d94f644d2cbab141) Importer(815301076,1909f56bfc062723c751e8b465ee728b)
Start importing Assets/Editor/Logger.cs using Guid(547dc3a20e6d9e14d94f644d2cbab141) Importer(815301076,1909f56bfc062723c751e8b465ee728b)  -> (artifact id: 'db78930e657eea87a425249523e54428') in 0.150100 seconds 
========================================================================
Received Import Request.
  Time since last request: 1189.921962 seconds.
  path: Assets/Editor/Logger.cs
  artifactKey: Guid(547dc3a20e6d9e14d94f644d2cbab141) Importer(815301076,1909f56bfc062723c751e8b465ee728b)
Start importing Assets/Editor/Logger.cs using Guid(547dc3a20e6d9e14d94f644d2cbab141) Importer(815301076,1909f56bfc062723c751e8b465ee728b)  -> (artifact id: '9480e28058f5ae9d5cca8e40d847ca17') in 0.912900 seconds 
========================================================================
Received Import Request.
  Time since last request: 51.712663 seconds.
  path: Assets/Editor/Logger.cs
  artifactKey: Guid(547dc3a20e6d9e14d94f644d2cbab141) Importer(815301076,1909f56bfc062723c751e8b465ee728b)
Start importing Assets/Editor/Logger.cs using Guid(547dc3a20e6d9e14d94f644d2cbab141) Importer(815301076,1909f56bfc062723c751e8b465ee728b)  -> (artifact id: 'ac17b4db6b931676424dfbc7b23233b7') in 0.012436 seconds 
========================================================================
Received Import Request.
  Time since last request: 21.313499 seconds.
  path: Assets/Editor/Logger.cs
  artifactKey: Guid(547dc3a20e6d9e14d94f644d2cbab141) Importer(815301076,1909f56bfc062723c751e8b465ee728b)
Start importing Assets/Editor/Logger.cs using Guid(547dc3a20e6d9e14d94f644d2cbab141) Importer(815301076,1909f56bfc062723c751e8b465ee728b)  -> (artifact id: 'bf7bfb2e74280aa2028f525b1e19ced2') in 0.026773 seconds 
========================================================================
Received Import Request.
  Time since last request: 272.207388 seconds.
  path: Assets/Editor/Logger.cs
  artifactKey: Guid(547dc3a20e6d9e14d94f644d2cbab141) Importer(815301076,1909f56bfc062723c751e8b465ee728b)
Start importing Assets/Editor/Logger.cs using Guid(547dc3a20e6d9e14d94f644d2cbab141) Importer(815301076,1909f56bfc062723c751e8b465ee728b)  -> (artifact id: '9a128447865f9f0acfc97b62b1aa4782') in 0.012900 seconds 
========================================================================
Received Import Request.
  Time since last request: 41.523989 seconds.
  path: Assets/Editor/Logger.cs
  artifactKey: Guid(547dc3a20e6d9e14d94f644d2cbab141) Importer(815301076,1909f56bfc062723c751e8b465ee728b)
Start importing Assets/Editor/Logger.cs using Guid(547dc3a20e6d9e14d94f644d2cbab141) Importer(815301076,1909f56bfc062723c751e8b465ee728b)  -> (artifact id: 'ee862ef98ecac04bc69c9143d9088345') in 0.016564 seconds 
========================================================================
Received Import Request.
  Time since last request: 30.690560 seconds.
  path: Assets/Editor/Logger.cs
  artifactKey: Guid(547dc3a20e6d9e14d94f644d2cbab141) Importer(815301076,1909f56bfc062723c751e8b465ee728b)
Start importing Assets/Editor/Logger.cs using Guid(547dc3a20e6d9e14d94f644d2cbab141) Importer(815301076,1909f56bfc062723c751e8b465ee728b)  -> (artifact id: 'f1c5564a482f785abb5ce5204df294a0') in 0.015110 seconds 
========================================================================
Received Prepare
Registering precompiled user dll's ...
Registered in 0.010528 seconds.
Begin MonoManager ReloadAssembly
Symbol file LoadedFromMemory doesn't match image E:\Unity Hub\Projects\HommyWorkyUnity\My little Roll a ball two\Library\PackageCache\com.unity.visualscripting@1.6.1\Editor\VisualScripting.Core\Dependencies\YamlDotNet\Unity.VisualScripting.YamlDotNet.dll
Symbol file LoadedFromMemory doesn't match image E:\Unity Hub\Projects\HommyWorkyUnity\My little Roll a ball two\Library\PackageCache\com.unity.visualscripting@1.6.1\Editor\VisualScripting.Core\Dependencies\DotNetZip\Unity.VisualScripting.IonicZip.dll
Native extension for WindowsStandalone target not found
Refreshing native plugins compatible for Editor in 0.81 ms, found 3 plugins.
Preloading 0 native plugins for Editor in 0.00 ms.
Mono: successfully reloaded assembly
- Completed reload, in  3.938 seconds
Domain Reload Profiling:
	ReloadAssembly (3939ms)
		BeginReloadAssembly (565ms)
			ExecutionOrderSort (0ms)
			DisableScriptedObjects (18ms)
			BackupInstance (0ms)
			ReleaseScriptingObjects (0ms)
			CreateAndSetChildDomain (168ms)
		EndReloadAssembly (3137ms)
			LoadAssemblies (1446ms)
			RebuildTransferFunctionScriptingTraits (0ms)
			SetupTypeCache (834ms)
			ReleaseScriptCaches (2ms)
			RebuildScriptCaches (96ms)
			SetupLoadedEditorAssemblies (678ms)
				LogAssemblyErrors (0ms)
				InitializePlatformSupportModulesInManaged (9ms)
				SetLoadedEditorAssemblies (6ms)
				RefreshPlugins (1ms)
				BeforeProcessingInitializeOnLoad (108ms)
				ProcessInitializeOnLoadAttributes (539ms)
				ProcessInitializeOnLoadMethodAttributes (10ms)
				AfterProcessingInitializeOnLoad (6ms)
				EditorAssembliesLoaded (0ms)
			ExecutionOrderSort2 (0ms)
			AwakeInstancesAfterBackupRestoration (18ms)
Platform modules already initialized, skipping
Refreshing native plugins compatible for Editor in 1.01 ms, found 3 plugins.
Preloading 0 native plugins for Editor in 0.00 ms.
Unloading 2953 Unused Serialized files (Serialized files now loaded: 0)
System memory in use before: 117.8 MB.
System memory in use after: 118.1 MB.

Unloading 15 unused Assets to reduce memory usage. Loaded Objects now: 3422.
Total: 6.656200 ms (FindLiveObjects: 0.585000 ms CreateObjectMapping: 0.172800 ms MarkObjects: 5.806400 ms  DeleteObjects: 0.089400 ms)

AssetImportParameters requested are different than current active one (requested -> active):
  custom:framework-win-MediaFoundation: 216162199b28c13a410421893ffa2e32 -> 
  custom:video-decoder-ogg-theora: a1e56fd34408186e4bbccfd4996cb3dc -> 
  custom:container-muxer-webm: aa71ff27fc2769a1b78a27578f13a17b -> 
  custom:container-demuxer-webm: 4f35f7cbe854078d1ac9338744f61a02 -> 
  custom:container-demuxer-ogg: 62fdf1f143b41e24485cea50d1cbac27 -> 
  custom:video-encoder-webm-vp8: eb34c28f22e8b96e1ab97ce403110664 -> 
  custom:video-decoder-webm-vp8: 9c59270c3fd7afecdb556c50c9e8de78 -> 
  custom:audio-decoder-ogg-vorbis: bf7c407c2cedff20999df2af8eb42d56 -> 
  custom:audio-encoder-webm-vorbis: bf7c407c2cedff20999df2af8eb42d56 -> 
========================================================================
Received Import Request.
  Time since last request: 29.092399 seconds.
  path: Assets/Editor/Logger.cs
  artifactKey: Guid(547dc3a20e6d9e14d94f644d2cbab141) Importer(815301076,1909f56bfc062723c751e8b465ee728b)
Start importing Assets/Editor/Logger.cs using Guid(547dc3a20e6d9e14d94f644d2cbab141) Importer(815301076,1909f56bfc062723c751e8b465ee728b)  -> (artifact id: '5c9220051eabb310efc3f269b99dc1c4') in 0.043370 seconds 
========================================================================
Received Prepare
Registering precompiled user dll's ...
Registered in 0.021648 seconds.
Begin MonoManager ReloadAssembly
Symbol file LoadedFromMemory doesn't match image E:\Unity Hub\Projects\HommyWorkyUnity\My little Roll a ball two\Library\PackageCache\com.unity.visualscripting@1.6.1\Editor\VisualScripting.Core\Dependencies\YamlDotNet\Unity.VisualScripting.YamlDotNet.dll
Symbol file LoadedFromMemory doesn't match image E:\Unity Hub\Projects\HommyWorkyUnity\My little Roll a ball two\Library\PackageCache\com.unity.visualscripting@1.6.1\Editor\VisualScripting.Core\Dependencies\DotNetZip\Unity.VisualScripting.IonicZip.dll
Native extension for WindowsStandalone target not found
Refreshing native plugins compatible for Editor in 0.89 ms, found 3 plugins.
Preloading 0 native plugins for Editor in 0.00 ms.
Mono: successfully reloaded assembly
- Completed reload, in  5.234 seconds
Domain Reload Profiling:
	ReloadAssembly (5235ms)
		BeginReloadAssembly (544ms)
			ExecutionOrderSort (0ms)
			DisableScriptedObjects (12ms)
			BackupInstance (0ms)
			ReleaseScriptingObjects (0ms)
			CreateAndSetChildDomain (222ms)
		EndReloadAssembly (4444ms)
			LoadAssemblies (523ms)
			RebuildTransferFunctionScriptingTraits (0ms)
			SetupTypeCache (2373ms)
			ReleaseScriptCaches (2ms)
			RebuildScriptCaches (96ms)
			SetupLoadedEditorAssemblies (1172ms)
				LogAssemblyErrors (0ms)
				InitializePlatformSupportModulesInManaged (22ms)
				SetLoadedEditorAssemblies (3ms)
				RefreshPlugins (1ms)
				BeforeProcessingInitializeOnLoad (162ms)
				ProcessInitializeOnLoadAttributes (969ms)
				ProcessInitializeOnLoadMethodAttributes (9ms)
				AfterProcessingInitializeOnLoad (4ms)
				EditorAssembliesLoaded (0ms)
			ExecutionOrderSort2 (0ms)
			AwakeInstancesAfterBackupRestoration (18ms)
Platform modules already initialized, skipping
Refreshing native plugins compatible for Editor in 749.65 ms, found 3 plugins.
Preloading 0 native plugins for Editor in 0.00 ms.
Unloading 2953 Unused Serialized files (Serialized files now loaded: 0)
System memory in use before: 117.9 MB.
System memory in use after: 118.1 MB.

Unloading 15 unused Assets to reduce memory usage. Loaded Objects now: 3424.
Total: 31.201500 ms (FindLiveObjects: 6.083500 ms CreateObjectMapping: 5.607300 ms MarkObjects: 19.405000 ms  DeleteObjects: 0.101600 ms)

AssetImportParameters requested are different than current active one (requested -> active):
  custom:framework-win-MediaFoundation: 216162199b28c13a410421893ffa2e32 -> 
  custom:video-decoder-ogg-theora: a1e56fd34408186e4bbccfd4996cb3dc -> 
  custom:container-muxer-webm: aa71ff27fc2769a1b78a27578f13a17b -> 
  custom:container-demuxer-webm: 4f35f7cbe854078d1ac9338744f61a02 -> 
  custom:container-demuxer-ogg: 62fdf1f143b41e24485cea50d1cbac27 -> 
  custom:video-encoder-webm-vp8: eb34c28f22e8b96e1ab97ce403110664 -> 
  custom:video-decoder-webm-vp8: 9c59270c3fd7afecdb556c50c9e8de78 -> 
  custom:audio-decoder-ogg-vorbis: bf7c407c2cedff20999df2af8eb42d56 -> 
  custom:audio-encoder-webm-vorbis: bf7c407c2cedff20999df2af8eb42d56 -> 
========================================================================
Received Import Request.
  Time since last request: 411.662302 seconds.
  path: Assets/Editor/Logger.cs
  artifactKey: Guid(547dc3a20e6d9e14d94f644d2cbab141) Importer(815301076,1909f56bfc062723c751e8b465ee728b)
Start importing Assets/Editor/Logger.cs using Guid(547dc3a20e6d9e14d94f644d2cbab141) Importer(815301076,1909f56bfc062723c751e8b465ee728b)  -> (artifact id: '66a5a1e5c5e50b92172c736ab38378da') in 0.138380 seconds 
AssetImportWorkerClient::OnTransportError - code=2 error=End of file
