Using pre-set license
Built from '2021.1/staging' branch; Version is '2021.1.25f1 (b6f2b893ea32) revision 11989688'; Using compiler version '192528614'; Build Type 'Release'
OS: 'Windows 10 Home; OS build 19043.1288; Version 2009; 64bit' Language: 'ru' Physical Memory: 8134 MB
BatchMode: 1, IsHumanControllingUs: 0, StartBugReporterOnCrash: 0, Is64bit: 1, IsPro: 0

COMMAND LINE ARGUMENTS:
E:\UnityHub\Unity Version\2021.1.25f1\Editor\Unity.exe
-adb2
-batchMode
-noUpm
-name
AssetImportWorker4
-projectPath
E:/Unity Hub/Projects/HommyWorkyUnity/My little Roll a ball two
-logFile
Logs/AssetImportWorker4.log
-srvPort
58783
Successfully changed project path to: E:/Unity Hub/Projects/HommyWorkyUnity/My little Roll a ball two
E:/Unity Hub/Projects/HommyWorkyUnity/My little Roll a ball two
Using Asset Import Pipeline V2.
Refreshing native plugins compatible for Editor in 218.08 ms, found 3 plugins.
Preloading 0 native plugins for Editor in 0.00 ms.
Initialize engine version: 2021.1.25f1 (b6f2b893ea32)
[Subsystems] Discovering subsystems at path E:/UnityHub/Unity Version/2021.1.25f1/Editor/Data/Resources/UnitySubsystems
[Subsystems] Discovering subsystems at path E:/Unity Hub/Projects/HommyWorkyUnity/My little Roll a ball two/Assets
GfxDevice: creating device client; threaded=0; jobified=0
Direct3D:
    Version:  Direct3D 11.0 [level 11.0]
    Renderer: NVIDIA GeForce GTX 750 (ID=0x1381)
    Vendor:   NVIDIA
    VRAM:     984 MB
    Driver:   27.21.14.5671
Initialize mono
Mono path[0] = 'E:/UnityHub/Unity Version/2021.1.25f1/Editor/Data/Managed'
Mono path[1] = 'E:/UnityHub/Unity Version/2021.1.25f1/Editor/Data/MonoBleedingEdge/lib/mono/unityjit'
Mono config path = 'E:/UnityHub/Unity Version/2021.1.25f1/Editor/Data/MonoBleedingEdge/etc'
Using monoOptions --debugger-agent=transport=dt_socket,embedding=1,server=y,suspend=n,address=127.0.0.1:56848
Begin MonoManager ReloadAssembly
Registering precompiled unity dll's ...
Register platform support module: E:/UnityHub/Unity Version/2021.1.25f1/Editor/Data/PlaybackEngines/WindowsStandaloneSupport/UnityEditor.WindowsStandalone.Extensions.dll
Registered in 0.021988 seconds.
Native extension for WindowsStandalone target not found
Refreshing native plugins compatible for Editor in 262.04 ms, found 3 plugins.
Preloading 0 native plugins for Editor in 0.00 ms.
Mono: successfully reloaded assembly
- Completed reload, in  4.140 seconds
Domain Reload Profiling:
	ReloadAssembly (4140ms)
		BeginReloadAssembly (202ms)
			ExecutionOrderSort (0ms)
			DisableScriptedObjects (0ms)
			BackupInstance (0ms)
			ReleaseScriptingObjects (0ms)
			CreateAndSetChildDomain (6ms)
		EndReloadAssembly (2190ms)
			LoadAssemblies (190ms)
			RebuildTransferFunctionScriptingTraits (0ms)
			SetupTypeCache (633ms)
			ReleaseScriptCaches (0ms)
			RebuildScriptCaches (91ms)
			SetupLoadedEditorAssemblies (1331ms)
				LogAssemblyErrors (0ms)
				InitializePlatformSupportModulesInManaged (16ms)
				SetLoadedEditorAssemblies (0ms)
				RefreshPlugins (262ms)
				BeforeProcessingInitializeOnLoad (2ms)
				ProcessInitializeOnLoadAttributes (971ms)
				ProcessInitializeOnLoadMethodAttributes (78ms)
				AfterProcessingInitializeOnLoad (0ms)
				EditorAssembliesLoaded (0ms)
			ExecutionOrderSort2 (0ms)
			AwakeInstancesAfterBackupRestoration (0ms)
Platform modules already initialized, skipping
Registering precompiled user dll's ...
Registered in 0.006059 seconds.
Begin MonoManager ReloadAssembly
Symbol file LoadedFromMemory doesn't match image E:\Unity Hub\Projects\HommyWorkyUnity\My little Roll a ball two\Library\PackageCache\com.unity.visualscripting@1.6.1\Editor\VisualScripting.Core\Dependencies\YamlDotNet\Unity.VisualScripting.YamlDotNet.dll
Symbol file LoadedFromMemory doesn't match image E:\Unity Hub\Projects\HommyWorkyUnity\My little Roll a ball two\Library\PackageCache\com.unity.visualscripting@1.6.1\Editor\VisualScripting.Core\Dependencies\DotNetZip\Unity.VisualScripting.IonicZip.dll
Native extension for WindowsStandalone target not found
Refreshing native plugins compatible for Editor in 0.84 ms, found 3 plugins.
Preloading 0 native plugins for Editor in 0.00 ms.
Mono: successfully reloaded assembly
- Completed reload, in  3.425 seconds
Domain Reload Profiling:
	ReloadAssembly (3426ms)
		BeginReloadAssembly (376ms)
			ExecutionOrderSort (0ms)
			DisableScriptedObjects (14ms)
			BackupInstance (0ms)
			ReleaseScriptingObjects (0ms)
			CreateAndSetChildDomain (37ms)
		EndReloadAssembly (2937ms)
			LoadAssemblies (453ms)
			RebuildTransferFunctionScriptingTraits (0ms)
			SetupTypeCache (786ms)
			ReleaseScriptCaches (1ms)
			RebuildScriptCaches (198ms)
			SetupLoadedEditorAssemblies (1232ms)
				LogAssemblyErrors (0ms)
				InitializePlatformSupportModulesInManaged (9ms)
				SetLoadedEditorAssemblies (1ms)
				RefreshPlugins (2ms)
				BeforeProcessingInitializeOnLoad (146ms)
				ProcessInitializeOnLoadAttributes (1047ms)
				ProcessInitializeOnLoadMethodAttributes (23ms)
				AfterProcessingInitializeOnLoad (4ms)
				EditorAssembliesLoaded (0ms)
			ExecutionOrderSort2 (0ms)
			AwakeInstancesAfterBackupRestoration (25ms)
Platform modules already initialized, skipping
========================================================================
Worker process is ready to serve import requests
Launched and connected shader compiler UnityShaderCompiler.exe after 0.39 seconds
Refreshing native plugins compatible for Editor in 0.96 ms, found 3 plugins.
Preloading 0 native plugins for Editor in 0.00 ms.
Unloading 2954 Unused Serialized files (Serialized files now loaded: 0)
System memory in use before: 106.0 MB.
System memory in use after: 106.2 MB.

Unloading 20 unused Assets to reduce memory usage. Loaded Objects now: 3401.
Total: 6.827500 ms (FindLiveObjects: 0.805300 ms CreateObjectMapping: 0.278100 ms MarkObjects: 5.571600 ms  DeleteObjects: 0.170200 ms)

AssetImportParameters requested are different than current active one (requested -> active):
  custom:framework-win-MediaFoundation: 216162199b28c13a410421893ffa2e32 -> 
  custom:video-decoder-ogg-theora: a1e56fd34408186e4bbccfd4996cb3dc -> 
  custom:container-muxer-webm: aa71ff27fc2769a1b78a27578f13a17b -> 
  custom:container-demuxer-webm: 4f35f7cbe854078d1ac9338744f61a02 -> 
  custom:container-demuxer-ogg: 62fdf1f143b41e24485cea50d1cbac27 -> 
  custom:video-encoder-webm-vp8: eb34c28f22e8b96e1ab97ce403110664 -> 
  custom:video-decoder-webm-vp8: 9c59270c3fd7afecdb556c50c9e8de78 -> 
  custom:audio-decoder-ogg-vorbis: bf7c407c2cedff20999df2af8eb42d56 -> 
  custom:audio-encoder-webm-vorbis: bf7c407c2cedff20999df2af8eb42d56 -> 
========================================================================
Received Import Request.
  path: Assets/Prefabs/Pick Up Test.prefab
  artifactKey: Guid(c033fdc541ab2fe4f88aa65b719f0753) Importer(815301076,1909f56bfc062723c751e8b465ee728b)
Start importing Assets/Prefabs/Pick Up Test.prefab using Guid(c033fdc541ab2fe4f88aa65b719f0753) Importer(815301076,1909f56bfc062723c751e8b465ee728b)  -> (artifact id: '2a5134bf3e86a8a6613d7cfeb5bb838a') in 0.356210 seconds 
========================================================================
Received Import Request.
  Time since last request: 0.001304 seconds.
  path: Assets/Prefabs/Pick Up Speed.prefab
  artifactKey: Guid(1c8840d1349240941aacf060fcdd5f1c) Importer(815301076,1909f56bfc062723c751e8b465ee728b)
Start importing Assets/Prefabs/Pick Up Speed.prefab using Guid(1c8840d1349240941aacf060fcdd5f1c) Importer(815301076,1909f56bfc062723c751e8b465ee728b)  -> (artifact id: 'cf5af7033f568373d6e84dea2445d77a') in 0.025080 seconds 
========================================================================
Received Import Request.
  Time since last request: 16.982324 seconds.
  path: Assets/Prefabs/Lift.prefab
  artifactKey: Guid(380e2a36eacd3d54aac742bf91ddedbc) Importer(815301076,1909f56bfc062723c751e8b465ee728b)
Start importing Assets/Prefabs/Lift.prefab using Guid(380e2a36eacd3d54aac742bf91ddedbc) Importer(815301076,1909f56bfc062723c751e8b465ee728b)  -> (artifact id: 'f1d2d80c1894d3e3c53d81724b8d0370') in 0.193901 seconds 
========================================================================
Received Import Request.
  Time since last request: 197.825004 seconds.
  path: Assets/Prefabs/Plane.prefab
  artifactKey: Guid(98525bc7b9d24e04f944f6f027f6e6c7) Importer(815301076,1909f56bfc062723c751e8b465ee728b)
Start importing Assets/Prefabs/Plane.prefab using Guid(98525bc7b9d24e04f944f6f027f6e6c7) Importer(815301076,1909f56bfc062723c751e8b465ee728b)  -> (artifact id: 'd08da0d3c7ff9cdc5b87845649d5f7ff') in 0.071802 seconds 
========================================================================
Received Import Request.
  Time since last request: 9.041582 seconds.
  path: Assets/Prefabs/Ground.prefab
  artifactKey: Guid(742c3ca5e49fb7a44a17a5a6f22e4358) Importer(815301076,1909f56bfc062723c751e8b465ee728b)
Start importing Assets/Prefabs/Ground.prefab using Guid(742c3ca5e49fb7a44a17a5a6f22e4358) Importer(815301076,1909f56bfc062723c751e8b465ee728b)  -> (artifact id: '30102b2ab49cd746a9ae4d54ba7fb7ac') in 0.036892 seconds 
========================================================================
Received Import Request.
  Time since last request: 10.871303 seconds.
  path: Assets/Prefabs/Track.prefab
  artifactKey: Guid(98525bc7b9d24e04f944f6f027f6e6c7) Importer(815301076,1909f56bfc062723c751e8b465ee728b)
Start importing Assets/Prefabs/Track.prefab using Guid(98525bc7b9d24e04f944f6f027f6e6c7) Importer(815301076,1909f56bfc062723c751e8b465ee728b)  -> (artifact id: '50f3909236b2d3bc4cc416a8e7c4503d') in 0.025923 seconds 
========================================================================
Received Import Request.
  Time since last request: 5.778289 seconds.
  path: Assets/Material/SeocndFloor.mat
  artifactKey: Guid(c7f0802505fca5c4f8b264cf9d482f33) Importer(815301076,1909f56bfc062723c751e8b465ee728b)
Start importing Assets/Material/SeocndFloor.mat using Guid(c7f0802505fca5c4f8b264cf9d482f33) Importer(815301076,1909f56bfc062723c751e8b465ee728b)  -> (artifact id: '8395546ce38bf244ea2a6cf0a92e619e') in 0.569462 seconds 
========================================================================
Received Import Request.
  Time since last request: 0.000677 seconds.
  path: Assets/Material/ThirdFloor.mat
  artifactKey: Guid(4a94dc1c55a6e5141a47c4670100cc4e) Importer(815301076,1909f56bfc062723c751e8b465ee728b)
Start importing Assets/Material/ThirdFloor.mat using Guid(4a94dc1c55a6e5141a47c4670100cc4e) Importer(815301076,1909f56bfc062723c751e8b465ee728b)  -> (artifact id: '12879acc82df49a930ea763506514ad5') in 0.095921 seconds 
========================================================================
Received Import Request.
  Time since last request: 18.786427 seconds.
  path: Assets/Material/White.mat
  artifactKey: Guid(773523cd25520bc4cbdc79d563feb274) Importer(815301076,1909f56bfc062723c751e8b465ee728b)
Start importing Assets/Material/White.mat using Guid(773523cd25520bc4cbdc79d563feb274) Importer(815301076,1909f56bfc062723c751e8b465ee728b)  -> (artifact id: '96cce02a570bb2c38de67ac86d1b0a1b') in 0.053927 seconds 
========================================================================
Received Import Request.
  Time since last request: 5.519244 seconds.
  path: Assets/Material/Grey.mat
  artifactKey: Guid(4fbfac8c0d834894e897acf2ae2cefa3) Importer(815301076,1909f56bfc062723c751e8b465ee728b)
Start importing Assets/Material/Grey.mat using Guid(4fbfac8c0d834894e897acf2ae2cefa3) Importer(815301076,1909f56bfc062723c751e8b465ee728b)  -> (artifact id: '76815b93fcb2b086e9893344e2b7af62') in 0.038941 seconds 
========================================================================
Received Import Request.
  Time since last request: 8.887769 seconds.
  path: Assets/Material/Black.mat
  artifactKey: Guid(ba4063884a09f6b48a6ed178ea4d57e8) Importer(815301076,1909f56bfc062723c751e8b465ee728b)
Start importing Assets/Material/Black.mat using Guid(ba4063884a09f6b48a6ed178ea4d57e8) Importer(815301076,1909f56bfc062723c751e8b465ee728b)  -> (artifact id: 'cc15b8790c42357e3b0fe3d66f2fcd36') in 0.019370 seconds 
========================================================================
Received Import Request.
  Time since last request: 68.470983 seconds.
  path: Assets/Prefabs/Track.prefab
  artifactKey: Guid(98525bc7b9d24e04f944f6f027f6e6c7) Importer(815301076,1909f56bfc062723c751e8b465ee728b)
Start importing Assets/Prefabs/Track.prefab using Guid(98525bc7b9d24e04f944f6f027f6e6c7) Importer(815301076,1909f56bfc062723c751e8b465ee728b)  -> (artifact id: '2b83372047aee7e5cb4c9ee0b7a92e9a') in 0.017136 seconds 
========================================================================
Received Import Request.
  Time since last request: 15.901934 seconds.
  path: Assets/Prefabs/Track.prefab
  artifactKey: Guid(98525bc7b9d24e04f944f6f027f6e6c7) Importer(815301076,1909f56bfc062723c751e8b465ee728b)
Start importing Assets/Prefabs/Track.prefab using Guid(98525bc7b9d24e04f944f6f027f6e6c7) Importer(815301076,1909f56bfc062723c751e8b465ee728b)  -> (artifact id: '6a20bc7e637599c14ecd8d697e120b92') in 0.027018 seconds 
========================================================================
Received Import Request.
  Time since last request: 23.056926 seconds.
  path: Assets/Prefabs/Track.prefab
  artifactKey: Guid(98525bc7b9d24e04f944f6f027f6e6c7) Importer(815301076,1909f56bfc062723c751e8b465ee728b)
Start importing Assets/Prefabs/Track.prefab using Guid(98525bc7b9d24e04f944f6f027f6e6c7) Importer(815301076,1909f56bfc062723c751e8b465ee728b)  -> (artifact id: '7c6165beaab33032b6c83ae1f1e5e3d4') in 0.035822 seconds 
========================================================================
Received Import Request.
  Time since last request: 8.065114 seconds.
  path: Assets/Prefabs/Track.prefab
  artifactKey: Guid(98525bc7b9d24e04f944f6f027f6e6c7) Importer(815301076,1909f56bfc062723c751e8b465ee728b)
Start importing Assets/Prefabs/Track.prefab using Guid(98525bc7b9d24e04f944f6f027f6e6c7) Importer(815301076,1909f56bfc062723c751e8b465ee728b)  -> (artifact id: 'f49448a9e5f0343cad186bcc1d44539e') in 0.030214 seconds 
========================================================================
Received Import Request.
  Time since last request: 1.945386 seconds.
  path: Assets/Prefabs/Track.prefab
  artifactKey: Guid(98525bc7b9d24e04f944f6f027f6e6c7) Importer(815301076,1909f56bfc062723c751e8b465ee728b)
Start importing Assets/Prefabs/Track.prefab using Guid(98525bc7b9d24e04f944f6f027f6e6c7) Importer(815301076,1909f56bfc062723c751e8b465ee728b)  -> (artifact id: 'd3a26957a404b86e5d41e2bc7556312c') in 0.022213 seconds 
========================================================================
Received Import Request.
  Time since last request: 4.847510 seconds.
  path: Assets/Prefabs/Track.prefab
  artifactKey: Guid(98525bc7b9d24e04f944f6f027f6e6c7) Importer(815301076,1909f56bfc062723c751e8b465ee728b)
Start importing Assets/Prefabs/Track.prefab using Guid(98525bc7b9d24e04f944f6f027f6e6c7) Importer(815301076,1909f56bfc062723c751e8b465ee728b)  -> (artifact id: '710c41248fd4d76a5982d640fbeba3de') in 0.037140 seconds 
========================================================================
Received Import Request.
  Time since last request: 1.365600 seconds.
  path: Assets/Prefabs/Track.prefab
  artifactKey: Guid(98525bc7b9d24e04f944f6f027f6e6c7) Importer(815301076,1909f56bfc062723c751e8b465ee728b)
Start importing Assets/Prefabs/Track.prefab using Guid(98525bc7b9d24e04f944f6f027f6e6c7) Importer(815301076,1909f56bfc062723c751e8b465ee728b)  -> (artifact id: 'ea794cdfc161455d69217571d95e5b04') in 0.016180 seconds 
========================================================================
Received Import Request.
  Time since last request: 4.207130 seconds.
  path: Assets/Prefabs/Track.prefab
  artifactKey: Guid(98525bc7b9d24e04f944f6f027f6e6c7) Importer(815301076,1909f56bfc062723c751e8b465ee728b)
Start importing Assets/Prefabs/Track.prefab using Guid(98525bc7b9d24e04f944f6f027f6e6c7) Importer(815301076,1909f56bfc062723c751e8b465ee728b)  -> (artifact id: 'cca1971faa5db46a28b4287b06f099c7') in 0.036556 seconds 
========================================================================
Received Import Request.
  Time since last request: 8.581820 seconds.
  path: Assets/Prefabs/Track.prefab
  artifactKey: Guid(98525bc7b9d24e04f944f6f027f6e6c7) Importer(815301076,1909f56bfc062723c751e8b465ee728b)
Start importing Assets/Prefabs/Track.prefab using Guid(98525bc7b9d24e04f944f6f027f6e6c7) Importer(815301076,1909f56bfc062723c751e8b465ee728b)  -> (artifact id: '761647b4e6afb7479af122fb9c4cb0af') in 0.028920 seconds 
========================================================================
Received Import Request.
  Time since last request: 2.323828 seconds.
  path: Assets/Prefabs/Track.prefab
  artifactKey: Guid(98525bc7b9d24e04f944f6f027f6e6c7) Importer(815301076,1909f56bfc062723c751e8b465ee728b)
Start importing Assets/Prefabs/Track.prefab using Guid(98525bc7b9d24e04f944f6f027f6e6c7) Importer(815301076,1909f56bfc062723c751e8b465ee728b)  -> (artifact id: '9eadcb33d236bd807b0b26205366bdcf') in 0.101266 seconds 
========================================================================
Received Import Request.
  Time since last request: 1.321134 seconds.
  path: Assets/Prefabs/Track.prefab
  artifactKey: Guid(98525bc7b9d24e04f944f6f027f6e6c7) Importer(815301076,1909f56bfc062723c751e8b465ee728b)
Start importing Assets/Prefabs/Track.prefab using Guid(98525bc7b9d24e04f944f6f027f6e6c7) Importer(815301076,1909f56bfc062723c751e8b465ee728b)  -> (artifact id: 'c9c1fb8964a660ca738c94c6489c9dfb') in 0.038708 seconds 
========================================================================
Received Import Request.
  Time since last request: 603.550282 seconds.
  path: Assets/Prefabs/Track.prefab
  artifactKey: Guid(98525bc7b9d24e04f944f6f027f6e6c7) Importer(815301076,1909f56bfc062723c751e8b465ee728b)
Start importing Assets/Prefabs/Track.prefab using Guid(98525bc7b9d24e04f944f6f027f6e6c7) Importer(815301076,1909f56bfc062723c751e8b465ee728b)  -> (artifact id: '1907ebd7478fb5fdc5c2a891f1c7da02') in 0.026240 seconds 
========================================================================
Received Import Request.
  Time since last request: 27.565561 seconds.
  path: Assets/Prefabs/Player.prefab
  artifactKey: Guid(9f7ec299844e445429a7d6ffce90de08) Importer(815301076,1909f56bfc062723c751e8b465ee728b)
Start importing Assets/Prefabs/Player.prefab using Guid(9f7ec299844e445429a7d6ffce90de08) Importer(815301076,1909f56bfc062723c751e8b465ee728b)  -> (artifact id: 'a6ca2d771bcef90126a35246a865e1b6') in 0.023530 seconds 
========================================================================
Received Import Request.
  Time since last request: 9.356472 seconds.
  path: Assets/Prefabs/Player.prefab
  artifactKey: Guid(9f7ec299844e445429a7d6ffce90de08) Importer(815301076,1909f56bfc062723c751e8b465ee728b)
Start importing Assets/Prefabs/Player.prefab using Guid(9f7ec299844e445429a7d6ffce90de08) Importer(815301076,1909f56bfc062723c751e8b465ee728b)  -> (artifact id: 'd681b7d65ba36ec5f37f0e2d16b6817f') in 0.029919 seconds 
========================================================================
Received Import Request.
  Time since last request: 19.486548 seconds.
  path: Assets/Prefabs/Player.prefab
  artifactKey: Guid(9f7ec299844e445429a7d6ffce90de08) Importer(815301076,1909f56bfc062723c751e8b465ee728b)
Start importing Assets/Prefabs/Player.prefab using Guid(9f7ec299844e445429a7d6ffce90de08) Importer(815301076,1909f56bfc062723c751e8b465ee728b)  -> (artifact id: '4e9b4017f695f8bece97cc38c6ac0829') in 0.046715 seconds 
========================================================================
Received Import Request.
  Time since last request: 6.395133 seconds.
  path: Assets/Prefabs/Player.prefab
  artifactKey: Guid(9f7ec299844e445429a7d6ffce90de08) Importer(815301076,1909f56bfc062723c751e8b465ee728b)
Start importing Assets/Prefabs/Player.prefab using Guid(9f7ec299844e445429a7d6ffce90de08) Importer(815301076,1909f56bfc062723c751e8b465ee728b)  -> (artifact id: '2fbad0f6950c1d0c55d6d3b60068d3d2') in 0.033283 seconds 
========================================================================
Received Import Request.
  Time since last request: 18.999215 seconds.
  path: Assets/Prefabs/Player.prefab
  artifactKey: Guid(9f7ec299844e445429a7d6ffce90de08) Importer(815301076,1909f56bfc062723c751e8b465ee728b)
Start importing Assets/Prefabs/Player.prefab using Guid(9f7ec299844e445429a7d6ffce90de08) Importer(815301076,1909f56bfc062723c751e8b465ee728b)  -> (artifact id: 'a10262cab5476311fea322c99fe56f45') in 0.380821 seconds 
========================================================================
Received Import Request.
  Time since last request: 0.996350 seconds.
  path: Assets/Prefabs/Player.prefab
  artifactKey: Guid(9f7ec299844e445429a7d6ffce90de08) Importer(815301076,1909f56bfc062723c751e8b465ee728b)
Start importing Assets/Prefabs/Player.prefab using Guid(9f7ec299844e445429a7d6ffce90de08) Importer(815301076,1909f56bfc062723c751e8b465ee728b)  -> (artifact id: 'a673da802c432d82cc6855e1ef25e14f') in 0.014322 seconds 
========================================================================
Received Import Request.
  Time since last request: 9.299286 seconds.
  path: Assets/Prefabs/Player.prefab
  artifactKey: Guid(9f7ec299844e445429a7d6ffce90de08) Importer(815301076,1909f56bfc062723c751e8b465ee728b)
Start importing Assets/Prefabs/Player.prefab using Guid(9f7ec299844e445429a7d6ffce90de08) Importer(815301076,1909f56bfc062723c751e8b465ee728b)  -> (artifact id: '546a73fc73b8c7cd98339c841710f5a9') in 0.026550 seconds 
========================================================================
Received Import Request.
  Time since last request: 4.766363 seconds.
  path: Assets/Scripts/PlayerController.cs
  artifactKey: Guid(631d8f7a21f7ec34a9349f4284130700) Importer(815301076,1909f56bfc062723c751e8b465ee728b)
Start importing Assets/Scripts/PlayerController.cs using Guid(631d8f7a21f7ec34a9349f4284130700) Importer(815301076,1909f56bfc062723c751e8b465ee728b)  -> (artifact id: 'ab18d48a0f8876c2d252b24ceeaaa947') in 0.087705 seconds 
========================================================================
Received Import Request.
  Time since last request: 18.971066 seconds.
  path: Assets/Prefabs/Player.prefab
  artifactKey: Guid(9f7ec299844e445429a7d6ffce90de08) Importer(815301076,1909f56bfc062723c751e8b465ee728b)
Start importing Assets/Prefabs/Player.prefab using Guid(9f7ec299844e445429a7d6ffce90de08) Importer(815301076,1909f56bfc062723c751e8b465ee728b)  -> (artifact id: 'a3c4fa53852435dd0dc529fe0ecf0a7f') in 0.028407 seconds 
========================================================================
Received Import Request.
  Time since last request: 65.416438 seconds.
  path: Assets/Prefabs/Player.prefab
  artifactKey: Guid(9f7ec299844e445429a7d6ffce90de08) Importer(815301076,1909f56bfc062723c751e8b465ee728b)
Start importing Assets/Prefabs/Player.prefab using Guid(9f7ec299844e445429a7d6ffce90de08) Importer(815301076,1909f56bfc062723c751e8b465ee728b)  -> (artifact id: 'd1d3152282560ca7b7d72202c92b3ca9') in 0.068658 seconds 
========================================================================
Received Prepare
Registering precompiled user dll's ...
Registered in 0.005076 seconds.
Begin MonoManager ReloadAssembly
Symbol file LoadedFromMemory doesn't match image E:\Unity Hub\Projects\HommyWorkyUnity\My little Roll a ball two\Library\PackageCache\com.unity.visualscripting@1.6.1\Editor\VisualScripting.Core\Dependencies\YamlDotNet\Unity.VisualScripting.YamlDotNet.dll
Symbol file LoadedFromMemory doesn't match image E:\Unity Hub\Projects\HommyWorkyUnity\My little Roll a ball two\Library\PackageCache\com.unity.visualscripting@1.6.1\Editor\VisualScripting.Core\Dependencies\DotNetZip\Unity.VisualScripting.IonicZip.dll
Native extension for WindowsStandalone target not found
Refreshing native plugins compatible for Editor in 0.89 ms, found 3 plugins.
Preloading 0 native plugins for Editor in 0.00 ms.
Mono: successfully reloaded assembly
- Completed reload, in  3.765 seconds
Domain Reload Profiling:
	ReloadAssembly (3765ms)
		BeginReloadAssembly (435ms)
			ExecutionOrderSort (0ms)
			DisableScriptedObjects (14ms)
			BackupInstance (0ms)
			ReleaseScriptingObjects (0ms)
			CreateAndSetChildDomain (201ms)
		EndReloadAssembly (3155ms)
			LoadAssemblies (259ms)
			RebuildTransferFunctionScriptingTraits (0ms)
			SetupTypeCache (797ms)
			ReleaseScriptCaches (3ms)
			RebuildScriptCaches (448ms)
			SetupLoadedEditorAssemblies (1290ms)
				LogAssemblyErrors (0ms)
				InitializePlatformSupportModulesInManaged (19ms)
				SetLoadedEditorAssemblies (1ms)
				RefreshPlugins (1ms)
				BeforeProcessingInitializeOnLoad (194ms)
				ProcessInitializeOnLoadAttributes (1055ms)
				ProcessInitializeOnLoadMethodAttributes (12ms)
				AfterProcessingInitializeOnLoad (7ms)
				EditorAssembliesLoaded (1ms)
			ExecutionOrderSort2 (0ms)
			AwakeInstancesAfterBackupRestoration (14ms)
Platform modules already initialized, skipping
Refreshing native plugins compatible for Editor in 1.79 ms, found 3 plugins.
Preloading 0 native plugins for Editor in 0.00 ms.
Unloading 2948 Unused Serialized files (Serialized files now loaded: 0)
System memory in use before: 109.9 MB.
System memory in use after: 110.1 MB.

Unloading 16 unused Assets to reduce memory usage. Loaded Objects now: 3447.
Total: 4.637700 ms (FindLiveObjects: 0.344300 ms CreateObjectMapping: 0.201300 ms MarkObjects: 4.049300 ms  DeleteObjects: 0.040100 ms)

AssetImportParameters requested are different than current active one (requested -> active):
  custom:framework-win-MediaFoundation: 216162199b28c13a410421893ffa2e32 -> 
  custom:video-decoder-ogg-theora: a1e56fd34408186e4bbccfd4996cb3dc -> 
  custom:container-muxer-webm: aa71ff27fc2769a1b78a27578f13a17b -> 
  custom:container-demuxer-webm: 4f35f7cbe854078d1ac9338744f61a02 -> 
  custom:container-demuxer-ogg: 62fdf1f143b41e24485cea50d1cbac27 -> 
  custom:video-encoder-webm-vp8: eb34c28f22e8b96e1ab97ce403110664 -> 
  custom:video-decoder-webm-vp8: 9c59270c3fd7afecdb556c50c9e8de78 -> 
  custom:audio-decoder-ogg-vorbis: bf7c407c2cedff20999df2af8eb42d56 -> 
  custom:audio-encoder-webm-vorbis: bf7c407c2cedff20999df2af8eb42d56 -> 
========================================================================
Received Import Request.
  Time since last request: 58.880173 seconds.
  path: Assets/Prefabs/PlayerBody.prefab
  artifactKey: Guid(7fb67b8903ad45e48a75fabae89f70cf) Importer(815301076,1909f56bfc062723c751e8b465ee728b)
Start importing Assets/Prefabs/PlayerBody.prefab using Guid(7fb67b8903ad45e48a75fabae89f70cf) Importer(815301076,1909f56bfc062723c751e8b465ee728b)  -> (artifact id: '6a9afac85382d45a2df38fbe9249b288') in 0.236848 seconds 
========================================================================
Received Import Request.
  Time since last request: 0.000389 seconds.
  path: Assets/Prefabs/Player.prefab
  artifactKey: Guid(9f7ec299844e445429a7d6ffce90de08) Importer(815301076,1909f56bfc062723c751e8b465ee728b)
Start importing Assets/Prefabs/Player.prefab using Guid(9f7ec299844e445429a7d6ffce90de08) Importer(815301076,1909f56bfc062723c751e8b465ee728b)  -> (artifact id: 'f8d01f376330b83c75d1ead301f20314') in 0.031476 seconds 
========================================================================
Received Import Request.
  Time since last request: 7.724865 seconds.
  path: Assets/Prefabs/Player.prefab
  artifactKey: Guid(7fb67b8903ad45e48a75fabae89f70cf) Importer(815301076,1909f56bfc062723c751e8b465ee728b)
Start importing Assets/Prefabs/Player.prefab using Guid(7fb67b8903ad45e48a75fabae89f70cf) Importer(815301076,1909f56bfc062723c751e8b465ee728b)  -> (artifact id: 'f78db89ae7145a04450194ec22a20ff0') in 0.024302 seconds 
========================================================================
Received Prepare
Registering precompiled user dll's ...
Registered in 0.006470 seconds.
Begin MonoManager ReloadAssembly
Symbol file LoadedFromMemory doesn't match image E:\Unity Hub\Projects\HommyWorkyUnity\My little Roll a ball two\Library\PackageCache\com.unity.visualscripting@1.6.1\Editor\VisualScripting.Core\Dependencies\YamlDotNet\Unity.VisualScripting.YamlDotNet.dll
Symbol file LoadedFromMemory doesn't match image E:\Unity Hub\Projects\HommyWorkyUnity\My little Roll a ball two\Library\PackageCache\com.unity.visualscripting@1.6.1\Editor\VisualScripting.Core\Dependencies\DotNetZip\Unity.VisualScripting.IonicZip.dll
Native extension for WindowsStandalone target not found
Refreshing native plugins compatible for Editor in 0.89 ms, found 3 plugins.
Preloading 0 native plugins for Editor in 0.00 ms.
Mono: successfully reloaded assembly
- Completed reload, in  4.601 seconds
Domain Reload Profiling:
	ReloadAssembly (4602ms)
		BeginReloadAssembly (298ms)
			ExecutionOrderSort (0ms)
			DisableScriptedObjects (30ms)
			BackupInstance (0ms)
			ReleaseScriptingObjects (0ms)
			CreateAndSetChildDomain (84ms)
		EndReloadAssembly (4150ms)
			LoadAssemblies (304ms)
			RebuildTransferFunctionScriptingTraits (0ms)
			SetupTypeCache (2316ms)
			ReleaseScriptCaches (2ms)
			RebuildScriptCaches (117ms)
			SetupLoadedEditorAssemblies (989ms)
				LogAssemblyErrors (0ms)
				InitializePlatformSupportModulesInManaged (23ms)
				SetLoadedEditorAssemblies (1ms)
				RefreshPlugins (1ms)
				BeforeProcessingInitializeOnLoad (123ms)
				ProcessInitializeOnLoadAttributes (810ms)
				ProcessInitializeOnLoadMethodAttributes (16ms)
				AfterProcessingInitializeOnLoad (15ms)
				EditorAssembliesLoaded (1ms)
			ExecutionOrderSort2 (0ms)
			AwakeInstancesAfterBackupRestoration (73ms)
Platform modules already initialized, skipping
Refreshing native plugins compatible for Editor in 0.86 ms, found 3 plugins.
Preloading 0 native plugins for Editor in 0.00 ms.
Unloading 2948 Unused Serialized files (Serialized files now loaded: 0)
System memory in use before: 110.0 MB.
System memory in use after: 110.2 MB.

Unloading 16 unused Assets to reduce memory usage. Loaded Objects now: 3450.
Total: 6.039600 ms (FindLiveObjects: 0.405600 ms CreateObjectMapping: 0.195700 ms MarkObjects: 5.398800 ms  DeleteObjects: 0.036400 ms)

AssetImportParameters requested are different than current active one (requested -> active):
  custom:framework-win-MediaFoundation: 216162199b28c13a410421893ffa2e32 -> 
  custom:video-decoder-ogg-theora: a1e56fd34408186e4bbccfd4996cb3dc -> 
  custom:container-muxer-webm: aa71ff27fc2769a1b78a27578f13a17b -> 
  custom:container-demuxer-webm: 4f35f7cbe854078d1ac9338744f61a02 -> 
  custom:container-demuxer-ogg: 62fdf1f143b41e24485cea50d1cbac27 -> 
  custom:video-encoder-webm-vp8: eb34c28f22e8b96e1ab97ce403110664 -> 
  custom:video-decoder-webm-vp8: 9c59270c3fd7afecdb556c50c9e8de78 -> 
  custom:audio-decoder-ogg-vorbis: bf7c407c2cedff20999df2af8eb42d56 -> 
  custom:audio-encoder-webm-vorbis: bf7c407c2cedff20999df2af8eb42d56 -> 
========================================================================
Received Import Request.
  Time since last request: 419.011343 seconds.
  path: Assets/Material/Black.mat
  artifactKey: Guid(ba4063884a09f6b48a6ed178ea4d57e8) Importer(815301076,1909f56bfc062723c751e8b465ee728b)
Start importing Assets/Material/Black.mat using Guid(ba4063884a09f6b48a6ed178ea4d57e8) Importer(815301076,1909f56bfc062723c751e8b465ee728b)  -> (artifact id: '41706bbb255e88abcf348416f5f54d92') in 0.163188 seconds 
========================================================================
Received Import Request.
  Time since last request: 0.000778 seconds.
  path: Assets/Material/Grey.mat
  artifactKey: Guid(4fbfac8c0d834894e897acf2ae2cefa3) Importer(815301076,1909f56bfc062723c751e8b465ee728b)
Start importing Assets/Material/Grey.mat using Guid(4fbfac8c0d834894e897acf2ae2cefa3) Importer(815301076,1909f56bfc062723c751e8b465ee728b)  -> (artifact id: 'e5efb4dce9d873836482174dc7d206e4') in 0.067058 seconds 
AssetImportWorkerClient::OnTransportError - code=2 error=End of file
